D:\ドキュメント\VISUAL STUDIO 2012\PROJECTS\SUPERMARIOBROS\DEBUG\VC110.PDB
D:\ドキュメント\VISUAL STUDIO 2012\PROJECTS\SUPERMARIOBROS\DEBUG\SUPERMARIOBROS.OBJ
C:\USERS\SHOMA\DOWNLOADS\SUPERMARIOBROS\SUPERMARIOBROS\DEBUG\SUPERMARIOBROS.OBJ
C:\USERS\SHOMA\DOWNLOADS\SUPERMARIOBROS\SUPERMARIOBROS\DEBUG\VC110.PDB
D:\授業\SUPERMARIOBROS\SUPERMARIOBROS\DEBUG\SUPERMARIOBROS.OBJ
D:\授業\SUPERMARIOBROS\SUPERMARIOBROS\DEBUG\VC110.PDB
D:\ドキュメント\VISUAL STUDIO 2012\PROJECTS\SUPERMARIOBROS\DEBUG\SUPERMARIOBROS.ILK
D:\ドキュメント\VISUAL STUDIO 2012\PROJECTS\SUPERMARIOBROS\DEBUG\SUPERMARIOBROS.EXE
D:\ドキュメント\VISUAL STUDIO 2012\PROJECTS\SUPERMARIOBROS\DEBUG\SUPERMARIOBROS.PDB
C:\USERS\SHOMA\DOWNLOADS\SUPERMARIOBROS\SUPERMARIOBROS\DEBUG\SUPERMARIOBROS.ILK
C:\USERS\SHOMA\DOWNLOADS\SUPERMARIOBROS\SUPERMARIOBROS\DEBUG\SUPERMARIOBROS.EXE
C:\USERS\SHOMA\DOWNLOADS\SUPERMARIOBROS\SUPERMARIOBROS\DEBUG\SUPERMARIOBROS.PDB
D:\授業\SUPERMARIOBROS\SUPERMARIOBROS\DEBUG\SUPERMARIOBROS.ILK
D:\授業\SUPERMARIOBROS\SUPERMARIOBROS\DEBUG\SUPERMARIOBROS.EXE
D:\授業\SUPERMARIOBROS\SUPERMARIOBROS\DEBUG\SUPERMARIOBROS.PDB
d:\ドキュメント\visual studio 2012\Projects\SuperMarioBros\Debug\SuperMarioBros.lib
d:\ドキュメント\visual studio 2012\Projects\SuperMarioBros\Debug\SuperMarioBros.exp
C:\Users\shoma\Downloads\SuperMarioBros\SuperMarioBros\Debug\SuperMarioBros.lib
C:\Users\shoma\Downloads\SuperMarioBros\SuperMarioBros\Debug\SuperMarioBros.exp
D:\授業\SuperMarioBros\SuperMarioBros\Debug\SuperMarioBros.lib
D:\授業\SuperMarioBros\SuperMarioBros\Debug\SuperMarioBros.exp
D:\授業\SuperMarioBros\SuperMarioBros\Debug\SuperMarioBros.obj
D:\授業\SuperMarioBros\SuperMarioBros\Debug\SuperMarioBros.ilk
D:\授業\SuperMarioBros\SuperMarioBros\Debug\cl.command.1.tlog
D:\授業\SuperMarioBros\SuperMarioBros\Debug\CL.read.1.tlog
D:\授業\SuperMarioBros\SuperMarioBros\Debug\CL.write.1.tlog
D:\授業\SuperMarioBros\SuperMarioBros\Debug\link-cvtres.read.1.tlog
D:\授業\SuperMarioBros\SuperMarioBros\Debug\link-cvtres.write.1.tlog
D:\授業\SuperMarioBros\SuperMarioBros\Debug\link-rc.read.1.tlog
D:\授業\SuperMarioBros\SuperMarioBros\Debug\link-rc.write.1.tlog
D:\授業\SuperMarioBros\SuperMarioBros\Debug\link.command.1.tlog
D:\授業\SuperMarioBros\SuperMarioBros\Debug\link.read.1.tlog
D:\授業\SuperMarioBros\SuperMarioBros\Debug\link.write.1.tlog
D:\授業\SuperMarioBros\SuperMarioBros\Debug\SuperMarioBros.write.1.tlog
D:\授業\SuperMarioBros\SuperMarioBros\Debug\vc110.idb
D:\授業\SuperMarioBros\SuperMarioBros\Debug\SuperMarioBros.pdb
D:\授業\SuperMarioBros\SuperMarioBros\Debug\vc110.pdb
D:\授業\SuperMarioBros\SuperMarioBros\Debug\SuperMarioBros.exe
